INFO: [VRFC 10-2263] Analyzing Verilog file "D:/Vivado/SOC_interface/SOC_interface.srcs/sources_1/new/Address_decoder.v" into library xil_defaultlib
INFO: [VRFC 10-311] analyzing module Address_decoder
INFO: [VRFC 10-2263] Analyzing Verilog file "D:/Vivado/SOC_interface/Factorial/Comparator.v" into library xil_defaultlib
INFO: [VRFC 10-311] analyzing module Comparator
INFO: [VRFC 10-2263] Analyzing Verilog file "D:/Vivado/SOC_interface/Factorial/Counter.v" into library xil_defaultlib
INFO: [VRFC 10-311] analyzing module Counter
INFO: [VRFC 10-2263] Analyzing Verilog file "D:/Vivado/SOC_interface/datapath/EX_MEM_file.v" into library xil_defaultlib
INFO: [VRFC 10-311] analyzing module EX_MEM_file
INFO: [VRFC 10-2263] Analyzing Verilog file "D:/Vivado/SOC_interface/Factorial/FATopModule.v" into library xil_defaultlib
INFO: [VRFC 10-311] analyzing module FATopModule
INFO: [VRFC 10-2263] Analyzing Verilog file "D:/Vivado/SOC_interface/Factorial/FA_Controlpath.v" into library xil_defaultlib
INFO: [VRFC 10-311] analyzing module FA_Controlpath
INFO: [VRFC 10-2263] Analyzing Verilog file "D:/Vivado/SOC_interface/Factorial/FA_Datapath.v" into library xil_defaultlib
INFO: [VRFC 10-311] analyzing module FA_Datapath
INFO: [VRFC 10-2263] Analyzing Verilog file "D:/Vivado/SOC_interface/datapath/ID_EX_file.v" into library xil_defaultlib
INFO: [VRFC 10-311] analyzing module ID_EX_file
INFO: [VRFC 10-2263] Analyzing Verilog file "D:/Vivado/SOC_interface/datapath/IF_ID_file.v" into library xil_defaultlib
INFO: [VRFC 10-311] analyzing module IF_ID_file
INFO: [VRFC 10-2263] Analyzing Verilog file "D:/Vivado/SOC_interface/datapath/MEM_WB_file.v" into library xil_defaultlib
INFO: [VRFC 10-311] analyzing module MEM_WB_file
INFO: [VRFC 10-2263] Analyzing Verilog file "D:/Vivado/SOC_interface/Factorial/Multiplexer.v" into library xil_defaultlib
INFO: [VRFC 10-311] analyzing module Multiplexer2x1
INFO: [VRFC 10-2263] Analyzing Verilog file "D:/Vivado/SOC_interface/Factorial/Multiplier.v" into library xil_defaultlib
INFO: [VRFC 10-311] analyzing module Multiplier
INFO: [VRFC 10-2263] Analyzing Verilog file "D:/Vivado/SOC_interface/Factorial/Register.v" into library xil_defaultlib
INFO: [VRFC 10-311] analyzing module Register
INFO: [VRFC 10-2263] Analyzing Verilog file "D:/Vivado/SOC_interface/datapath/adder.v" into library xil_defaultlib
INFO: [VRFC 10-311] analyzing module adder
INFO: [VRFC 10-2263] Analyzing Verilog file "D:/Vivado/SOC_interface/datapath/alu.v" into library xil_defaultlib
INFO: [VRFC 10-311] analyzing module alu
INFO: [VRFC 10-2263] Analyzing Verilog file "D:/Vivado/SOC_interface/control_unit/auxdec.v" into library xil_defaultlib
INFO: [VRFC 10-311] analyzing module auxdec
INFO: [VRFC 10-2263] Analyzing Verilog file "D:/Vivado/SOC_interface/control_unit/controlunit.v" into library xil_defaultlib
INFO: [VRFC 10-311] analyzing module controlunit
INFO: [VRFC 10-2263] Analyzing Verilog file "D:/Vivado/SOC_interface/datapath/datapath.v" into library xil_defaultlib
INFO: [VRFC 10-311] analyzing module datapath
INFO: [VRFC 10-2263] Analyzing Verilog file "D:/Vivado/SOC_interface/memory/dmem.v" into library xil_defaultlib
INFO: [VRFC 10-311] analyzing module dmem
INFO: [VRFC 10-2263] Analyzing Verilog file "D:/Vivado/SOC_interface/datapath/dreg.v" into library xil_defaultlib
INFO: [VRFC 10-311] analyzing module dreg
INFO: [VRFC 10-2263] Analyzing Verilog file "D:/Vivado/SOC_interface/SOC_interface.srcs/sources_1/new/fact_reg.v" into library xil_defaultlib
INFO: [VRFC 10-311] analyzing module fact_reg
INFO: [VRFC 10-2263] Analyzing Verilog file "D:/Vivado/SOC_interface/GPIO/gpio_ad.v" into library xil_defaultlib
INFO: [VRFC 10-311] analyzing module gpio_ad
INFO: [VRFC 10-2263] Analyzing Verilog file "D:/Vivado/SOC_interface/GPIO/gpio_top.v" into library xil_defaultlib
INFO: [VRFC 10-311] analyzing module gpio_top
INFO: [VRFC 10-2263] Analyzing Verilog file "D:/Vivado/SOC_interface/memory/imem.v" into library xil_defaultlib
INFO: [VRFC 10-311] analyzing module imem
INFO: [VRFC 10-2263] Analyzing Verilog file "D:/Vivado/SOC_interface/control_unit/maindec.v" into library xil_defaultlib
INFO: [VRFC 10-311] analyzing module maindec
INFO: [VRFC 10-2263] Analyzing Verilog file "D:/Vivado/SOC_interface/mips/mips.v" into library xil_defaultlib
INFO: [VRFC 10-311] analyzing module mips
INFO: [VRFC 10-2263] Analyzing Verilog file "D:/Vivado/SOC_interface/mips/mips_top.v" into library xil_defaultlib
INFO: [VRFC 10-311] analyzing module mips_top
INFO: [VRFC 10-2263] Analyzing Verilog file "D:/Vivado/SOC_interface/datapath/mul.v" into library xil_defaultlib
INFO: [VRFC 10-311] analyzing module mul
INFO: [VRFC 10-2263] Analyzing Verilog file "D:/Vivado/SOC_interface/datapath/mux2.v" into library xil_defaultlib
INFO: [VRFC 10-311] analyzing module mux2
INFO: [VRFC 10-2263] Analyzing Verilog file "D:/Vivado/SOC_interface/GPIO/mux4.v" into library xil_defaultlib
INFO: [VRFC 10-311] analyzing module mux4
INFO: [VRFC 10-2263] Analyzing Verilog file "D:/Vivado/SOC_interface/datapath/regfile.v" into library xil_defaultlib
INFO: [VRFC 10-311] analyzing module regfile
INFO: [VRFC 10-2263] Analyzing Verilog file "D:/Vivado/SOC_interface/datapath/signext.v" into library xil_defaultlib
INFO: [VRFC 10-311] analyzing module signext
INFO: [VRFC 10-2263] Analyzing Verilog file "D:/Vivado/SOC_interface/SOC_interface.srcs/sources_1/new/System_top.v" into library xil_defaultlib
INFO: [VRFC 10-311] analyzing module System_top
